24-11-10.16:27:30.361 [main            ] INFO  RaffleOrderTest        - Starting RaffleOrderTest using Java 11.0.23 on LAPTOP-K8F0UKJ2 with PID 88892 (started by yueyueking in E:\MyFiles\WorkAndCode\Java\big-market\big-market\big-market-app)
24-11-10.16:27:30.362 [main            ] INFO  RaffleOrderTest        - The following 1 profile is active: "dev"
24-11-10.16:27:31.248 [main            ] INFO  RepositoryConfigurationDelegate - Multiple Spring Data modules found, entering strict repository configuration mode
24-11-10.16:27:31.250 [main            ] INFO  RepositoryConfigurationDelegate - Bootstrapping Spring Data Redis repositories in DEFAULT mode.
24-11-10.16:27:31.371 [main            ] INFO  RepositoryConfigurationDelegate - Finished Spring Data repository scanning in 107 ms. Found 0 Redis repository interfaces.
24-11-10.16:27:32.867 [main            ] INFO  Version                - Redisson 3.23.4
24-11-10.16:27:33.314 [redisson-netty-2-4] INFO  MasterPubSubConnectionPool - 1 connections initialized for 192.168.101.134/192.168.101.134:16379
24-11-10.16:27:34.341 [redisson-netty-2-13] INFO  MasterConnectionPool   - 5 connections initialized for 192.168.101.134/192.168.101.134:16379
24-11-10.16:27:35.742 [main            ] INFO  EndpointLinksResolver  - Exposing 1 endpoint(s) beneath base path '/actuator'
24-11-10.16:27:35.787 [main            ] INFO  RaffleOrderTest        - Started RaffleOrderTest in 5.747 seconds (JVM running for 6.746)
24-11-10.16:27:36.077 [main            ] INFO  HikariDataSource       - Retail_HikariCP - Starting...
24-11-10.16:27:36.328 [main            ] INFO  HikariDataSource       - Retail_HikariCP - Start completed.
24-11-10.16:27:36.411 [main            ] INFO  ActivityBaseActionChain - 活动责任链-基础信息【有效期、状态】校验开始。
24-11-10.16:27:36.416 [main            ] INFO  HikariDataSource       - Retail_HikariCP - Starting...
24-11-10.16:27:36.437 [main            ] INFO  HikariDataSource       - Retail_HikariCP - Start completed.
24-11-10.16:28:41.428 [main            ] INFO  RaffleOrderTest        - Starting RaffleOrderTest using Java 11.0.23 on LAPTOP-K8F0UKJ2 with PID 86484 (started by yueyueking in E:\MyFiles\WorkAndCode\Java\big-market\big-market\big-market-app)
24-11-10.16:28:41.428 [main            ] INFO  RaffleOrderTest        - The following 1 profile is active: "dev"
24-11-10.16:28:42.242 [main            ] INFO  RepositoryConfigurationDelegate - Multiple Spring Data modules found, entering strict repository configuration mode
24-11-10.16:28:42.244 [main            ] INFO  RepositoryConfigurationDelegate - Bootstrapping Spring Data Redis repositories in DEFAULT mode.
24-11-10.16:28:42.367 [main            ] INFO  RepositoryConfigurationDelegate - Finished Spring Data repository scanning in 114 ms. Found 0 Redis repository interfaces.
24-11-10.16:28:43.645 [main            ] INFO  Version                - Redisson 3.23.4
24-11-10.16:28:44.061 [redisson-netty-2-4] INFO  MasterPubSubConnectionPool - 1 connections initialized for 192.168.101.134/192.168.101.134:16379
24-11-10.16:28:44.094 [redisson-netty-2-13] INFO  MasterConnectionPool   - 5 connections initialized for 192.168.101.134/192.168.101.134:16379
24-11-10.16:28:45.490 [main            ] INFO  EndpointLinksResolver  - Exposing 1 endpoint(s) beneath base path '/actuator'
24-11-10.16:28:45.543 [main            ] INFO  RaffleOrderTest        - Started RaffleOrderTest in 4.402 seconds (JVM running for 5.29)
24-11-10.16:28:45.791 [main            ] INFO  HikariDataSource       - Retail_HikariCP - Starting...
24-11-10.16:28:45.969 [main            ] INFO  HikariDataSource       - Retail_HikariCP - Start completed.
24-11-10.16:28:46.032 [main            ] INFO  ActivityBaseActionChain - 活动责任链-基础信息【有效期、状态】校验开始。
24-11-10.16:28:46.037 [main            ] INFO  HikariDataSource       - Retail_HikariCP - Starting...
24-11-10.16:28:46.061 [main            ] INFO  HikariDataSource       - Retail_HikariCP - Start completed.
24-11-10.16:30:18.303 [main            ] INFO  RaffleOrderTest        - Starting RaffleOrderTest using Java 11.0.23 on LAPTOP-K8F0UKJ2 with PID 102116 (started by yueyueking in E:\MyFiles\WorkAndCode\Java\big-market\big-market\big-market-app)
24-11-10.16:30:18.304 [main            ] INFO  RaffleOrderTest        - The following 1 profile is active: "dev"
24-11-10.16:30:19.067 [main            ] INFO  RepositoryConfigurationDelegate - Multiple Spring Data modules found, entering strict repository configuration mode
24-11-10.16:30:19.070 [main            ] INFO  RepositoryConfigurationDelegate - Bootstrapping Spring Data Redis repositories in DEFAULT mode.
24-11-10.16:30:19.175 [main            ] INFO  RepositoryConfigurationDelegate - Finished Spring Data repository scanning in 96 ms. Found 0 Redis repository interfaces.
24-11-10.16:30:20.413 [main            ] INFO  Version                - Redisson 3.23.4
24-11-10.16:30:20.819 [redisson-netty-2-4] INFO  MasterPubSubConnectionPool - 1 connections initialized for 192.168.101.134/192.168.101.134:16379
24-11-10.16:30:20.860 [redisson-netty-2-13] INFO  MasterConnectionPool   - 5 connections initialized for 192.168.101.134/192.168.101.134:16379
24-11-10.16:30:22.227 [main            ] INFO  EndpointLinksResolver  - Exposing 1 endpoint(s) beneath base path '/actuator'
24-11-10.16:30:22.274 [main            ] INFO  RaffleOrderTest        - Started RaffleOrderTest in 4.252 seconds (JVM running for 5.116)
24-11-10.16:30:22.502 [main            ] INFO  HikariDataSource       - Retail_HikariCP - Starting...
24-11-10.16:30:22.700 [main            ] INFO  HikariDataSource       - Retail_HikariCP - Start completed.
24-11-10.16:30:22.760 [main            ] INFO  ActivityBaseActionChain - 活动责任链-基础信息【有效期、状态】校验开始。
24-11-10.16:30:22.764 [main            ] INFO  HikariDataSource       - Retail_HikariCP - Starting...
24-11-10.16:30:22.788 [main            ] INFO  HikariDataSource       - Retail_HikariCP - Start completed.
24-11-10.16:30:22.846 [main            ] ERROR ActivityRepository     - 写入订单记录，唯一索引冲突 userId: yueyueking activityId: 100301 sku: 9011
org.springframework.dao.DuplicateKeyException: 
### Error updating database.  Cause: java.sql.SQLIntegrityConstraintViolationException: Duplicate entry '700091009111' for key 'raffle_activity_order_001.uq_out_business_no'
### The error may exist in file [E:\MyFiles\WorkAndCode\Java\big-market\big-market\big-market-app\target\classes\mybatis\mapper\raffle_activity_order_mapper.xml]
### The error may involve cn.bugstack.infrastructure.persistent.dao.IRaffleActivityOrderDao.insert-Inline
### The error occurred while setting parameters
### SQL: insert into raffle_activity_order_001         (user_id, sku, activity_id, activity_name, strategy_id, order_id, order_time, state, out_business_no, total_count, day_count, month_count,          create_time, update_time)         values             (?, ?, ?, ?, ?, ?, ?, ?, ?, ?, ?, ?,              now(), now())
### Cause: java.sql.SQLIntegrityConstraintViolationException: Duplicate entry '700091009111' for key 'raffle_activity_order_001.uq_out_business_no'
; Duplicate entry '700091009111' for key 'raffle_activity_order_001.uq_out_business_no'; nested exception is java.sql.SQLIntegrityConstraintViolationException: Duplicate entry '700091009111' for key 'raffle_activity_order_001.uq_out_business_no'
	at org.springframework.jdbc.support.SQLErrorCodeSQLExceptionTranslator.doTranslate(SQLErrorCodeSQLExceptionTranslator.java:247)
	at org.springframework.jdbc.support.AbstractFallbackSQLExceptionTranslator.translate(AbstractFallbackSQLExceptionTranslator.java:70)
	at org.mybatis.spring.MyBatisExceptionTranslator.translateExceptionIfPossible(MyBatisExceptionTranslator.java:91)
	at org.mybatis.spring.SqlSessionTemplate$SqlSessionInterceptor.invoke(SqlSessionTemplate.java:441)
	at com.sun.proxy.$Proxy106.insert(Unknown Source)
	at org.mybatis.spring.SqlSessionTemplate.insert(SqlSessionTemplate.java:272)
	at org.apache.ibatis.binding.MapperMethod.execute(MapperMethod.java:62)
	at org.apache.ibatis.binding.MapperProxy$PlainMethodInvoker.invoke(MapperProxy.java:152)
	at org.apache.ibatis.binding.MapperProxy.invoke(MapperProxy.java:85)
	at com.sun.proxy.$Proxy119.insert(Unknown Source)
	at java.base/jdk.internal.reflect.NativeMethodAccessorImpl.invoke0(Native Method)
	at java.base/jdk.internal.reflect.NativeMethodAccessorImpl.invoke(NativeMethodAccessorImpl.java:62)
	at java.base/jdk.internal.reflect.DelegatingMethodAccessorImpl.invoke(DelegatingMethodAccessorImpl.java:43)
	at java.base/java.lang.reflect.Method.invoke(Method.java:566)
	at org.springframework.aop.support.AopUtils.invokeJoinpointUsingReflection(AopUtils.java:344)
	at org.springframework.aop.framework.ReflectiveMethodInvocation.invokeJoinpoint(ReflectiveMethodInvocation.java:198)
	at org.springframework.aop.framework.ReflectiveMethodInvocation.proceed(ReflectiveMethodInvocation.java:163)
	at org.springframework.aop.aspectj.MethodInvocationProceedingJoinPoint.proceed(MethodInvocationProceedingJoinPoint.java:89)
	at cn.bugstack.middleware.db.router.DBRouterJoinPoint.doRouter(DBRouterJoinPoint.java:65)
	at java.base/jdk.internal.reflect.NativeMethodAccessorImpl.invoke0(Native Method)
	at java.base/jdk.internal.reflect.NativeMethodAccessorImpl.invoke(NativeMethodAccessorImpl.java:62)
	at java.base/jdk.internal.reflect.DelegatingMethodAccessorImpl.invoke(DelegatingMethodAccessorImpl.java:43)
	at java.base/java.lang.reflect.Method.invoke(Method.java:566)
	at org.springframework.aop.aspectj.AbstractAspectJAdvice.invokeAdviceMethodWithGivenArgs(AbstractAspectJAdvice.java:634)
	at org.springframework.aop.aspectj.AbstractAspectJAdvice.invokeAdviceMethod(AbstractAspectJAdvice.java:624)
	at org.springframework.aop.aspectj.AspectJAroundAdvice.invoke(AspectJAroundAdvice.java:72)
	at org.springframework.aop.framework.ReflectiveMethodInvocation.proceed(ReflectiveMethodInvocation.java:175)
	at org.springframework.aop.interceptor.ExposeInvocationInterceptor.invoke(ExposeInvocationInterceptor.java:97)
	at org.springframework.aop.framework.ReflectiveMethodInvocation.proceed(ReflectiveMethodInvocation.java:186)
	at org.springframework.aop.framework.JdkDynamicAopProxy.invoke(JdkDynamicAopProxy.java:220)
	at com.sun.proxy.$Proxy120.insert(Unknown Source)
	at cn.bugstack.infrastructure.persistent.repository.ActivityRepository.lambda$doSaveOrder$0(ActivityRepository.java:150)
	at org.springframework.transaction.support.TransactionTemplate.execute(TransactionTemplate.java:140)
	at cn.bugstack.infrastructure.persistent.repository.ActivityRepository.doSaveOrder(ActivityRepository.java:147)
	at cn.bugstack.infrastructure.persistent.repository.ActivityRepository$$FastClassBySpringCGLIB$$5fc4459a.invoke(<generated>)
	at org.springframework.cglib.proxy.MethodProxy.invoke(MethodProxy.java:218)
	at org.springframework.aop.framework.CglibAopProxy$CglibMethodInvocation.invokeJoinpoint(CglibAopProxy.java:793)
	at org.springframework.aop.framework.ReflectiveMethodInvocation.proceed(ReflectiveMethodInvocation.java:163)
	at org.springframework.aop.framework.CglibAopProxy$CglibMethodInvocation.proceed(CglibAopProxy.java:763)
	at org.springframework.dao.support.PersistenceExceptionTranslationInterceptor.invoke(PersistenceExceptionTranslationInterceptor.java:137)
	at org.springframework.aop.framework.ReflectiveMethodInvocation.proceed(ReflectiveMethodInvocation.java:186)
	at org.springframework.aop.framework.CglibAopProxy$CglibMethodInvocation.proceed(CglibAopProxy.java:763)
	at org.springframework.aop.framework.CglibAopProxy$DynamicAdvisedInterceptor.intercept(CglibAopProxy.java:708)
	at cn.bugstack.infrastructure.persistent.repository.ActivityRepository$$EnhancerBySpringCGLIB$$3561b6f.doSaveOrder(<generated>)
	at cn.bugstack.domain.activity.service.RaffleActivityService.doSaveOrder(RaffleActivityService.java:56)
	at cn.bugstack.domain.activity.service.AbstractRaffleActivity.createSkuRechargeOrder(AbstractRaffleActivity.java:48)
	at cn.bugstack.test.domain.RaffleOrderTest.test_createRaffleActivityOrder(RaffleOrderTest.java:31)
	at java.base/jdk.internal.reflect.NativeMethodAccessorImpl.invoke0(Native Method)
	at java.base/jdk.internal.reflect.NativeMethodAccessorImpl.invoke(NativeMethodAccessorImpl.java:62)
	at java.base/jdk.internal.reflect.DelegatingMethodAccessorImpl.invoke(DelegatingMethodAccessorImpl.java:43)
	at java.base/java.lang.reflect.Method.invoke(Method.java:566)
	at org.junit.runners.model.FrameworkMethod$1.runReflectiveCall(FrameworkMethod.java:59)
	at org.junit.internal.runners.model.ReflectiveCallable.run(ReflectiveCallable.java:12)
	at org.junit.runners.model.FrameworkMethod.invokeExplosively(FrameworkMethod.java:56)
	at org.junit.internal.runners.statements.InvokeMethod.evaluate(InvokeMethod.java:17)
	at org.springframework.test.context.junit4.statements.RunBeforeTestExecutionCallbacks.evaluate(RunBeforeTestExecutionCallbacks.java:74)
	at org.springframework.test.context.junit4.statements.RunAfterTestExecutionCallbacks.evaluate(RunAfterTestExecutionCallbacks.java:84)
	at org.springframework.test.context.junit4.statements.RunBeforeTestMethodCallbacks.evaluate(RunBeforeTestMethodCallbacks.java:75)
	at org.springframework.test.context.junit4.statements.RunAfterTestMethodCallbacks.evaluate(RunAfterTestMethodCallbacks.java:86)
	at org.springframework.test.context.junit4.statements.SpringRepeat.evaluate(SpringRepeat.java:84)
	at org.junit.runners.ParentRunner.runLeaf(ParentRunner.java:366)
	at org.springframework.test.context.junit4.SpringJUnit4ClassRunner.runChild(SpringJUnit4ClassRunner.java:251)
	at org.springframework.test.context.junit4.SpringJUnit4ClassRunner.runChild(SpringJUnit4ClassRunner.java:97)
	at org.junit.runners.ParentRunner$4.run(ParentRunner.java:331)
	at org.junit.runners.ParentRunner$1.schedule(ParentRunner.java:79)
	at org.junit.runners.ParentRunner.runChildren(ParentRunner.java:329)
	at org.junit.runners.ParentRunner.access$100(ParentRunner.java:66)
	at org.junit.runners.ParentRunner$2.evaluate(ParentRunner.java:293)
	at org.springframework.test.context.junit4.statements.RunBeforeTestClassCallbacks.evaluate(RunBeforeTestClassCallbacks.java:61)
	at org.springframework.test.context.junit4.statements.RunAfterTestClassCallbacks.evaluate(RunAfterTestClassCallbacks.java:70)
	at org.junit.runners.ParentRunner$3.evaluate(ParentRunner.java:306)
	at org.junit.runners.ParentRunner.run(ParentRunner.java:413)
	at org.springframework.test.context.junit4.SpringJUnit4ClassRunner.run(SpringJUnit4ClassRunner.java:190)
	at org.junit.runner.JUnitCore.run(JUnitCore.java:137)
	at com.intellij.junit4.JUnit4IdeaTestRunner.startRunnerWithArgs(JUnit4IdeaTestRunner.java:69)
	at com.intellij.rt.junit.IdeaTestRunner$Repeater$1.execute(IdeaTestRunner.java:38)
	at com.intellij.rt.execution.junit.TestsRepeater.repeat(TestsRepeater.java:11)
	at com.intellij.rt.junit.IdeaTestRunner$Repeater.startRunnerWithArgs(IdeaTestRunner.java:35)
	at com.intellij.rt.junit.JUnitStarter.prepareStreamsAndStart(JUnitStarter.java:232)
	at com.intellij.rt.junit.JUnitStarter.main(JUnitStarter.java:55)
Caused by: java.sql.SQLIntegrityConstraintViolationException: Duplicate entry '700091009111' for key 'raffle_activity_order_001.uq_out_business_no'
	at com.mysql.cj.jdbc.exceptions.SQLError.createSQLException(SQLError.java:117)
	at com.mysql.cj.jdbc.exceptions.SQLError.createSQLException(SQLError.java:97)
	at com.mysql.cj.jdbc.exceptions.SQLExceptionsMapping.translateException(SQLExceptionsMapping.java:122)
	at com.mysql.cj.jdbc.ClientPreparedStatement.executeInternal(ClientPreparedStatement.java:953)
	at com.mysql.cj.jdbc.ClientPreparedStatement.execute(ClientPreparedStatement.java:370)
	at com.zaxxer.hikari.pool.ProxyPreparedStatement.execute(ProxyPreparedStatement.java:44)
	at com.zaxxer.hikari.pool.HikariProxyPreparedStatement.execute(HikariProxyPreparedStatement.java)
	at org.apache.ibatis.executor.statement.PreparedStatementHandler.update(PreparedStatementHandler.java:47)
	at org.apache.ibatis.executor.statement.RoutingStatementHandler.update(RoutingStatementHandler.java:74)
	at java.base/jdk.internal.reflect.NativeMethodAccessorImpl.invoke0(Native Method)
	at java.base/jdk.internal.reflect.NativeMethodAccessorImpl.invoke(NativeMethodAccessorImpl.java:62)
	at java.base/jdk.internal.reflect.DelegatingMethodAccessorImpl.invoke(DelegatingMethodAccessorImpl.java:43)
	at java.base/java.lang.reflect.Method.invoke(Method.java:566)
	at org.apache.ibatis.plugin.Plugin.invoke(Plugin.java:63)
	at com.sun.proxy.$Proxy187.update(Unknown Source)
	at org.apache.ibatis.executor.SimpleExecutor.doUpdate(SimpleExecutor.java:50)
	at org.apache.ibatis.executor.BaseExecutor.update(BaseExecutor.java:117)
	at org.apache.ibatis.executor.CachingExecutor.update(CachingExecutor.java:76)
	at org.apache.ibatis.session.defaults.DefaultSqlSession.update(DefaultSqlSession.java:197)
	at org.apache.ibatis.session.defaults.DefaultSqlSession.insert(DefaultSqlSession.java:184)
	at java.base/jdk.internal.reflect.NativeMethodAccessorImpl.invoke0(Native Method)
	at java.base/jdk.internal.reflect.NativeMethodAccessorImpl.invoke(NativeMethodAccessorImpl.java:62)
	at java.base/jdk.internal.reflect.DelegatingMethodAccessorImpl.invoke(DelegatingMethodAccessorImpl.java:43)
	at java.base/java.lang.reflect.Method.invoke(Method.java:566)
	at org.mybatis.spring.SqlSessionTemplate$SqlSessionInterceptor.invoke(SqlSessionTemplate.java:427)
	... 76 common frames omitted
24-11-10.16:31:24.931 [main            ] INFO  RaffleOrderTest        - Starting RaffleOrderTest using Java 11.0.23 on LAPTOP-K8F0UKJ2 with PID 32044 (started by yueyueking in E:\MyFiles\WorkAndCode\Java\big-market\big-market\big-market-app)
24-11-10.16:31:24.932 [main            ] INFO  RaffleOrderTest        - The following 1 profile is active: "dev"
24-11-10.16:31:25.769 [main            ] INFO  RepositoryConfigurationDelegate - Multiple Spring Data modules found, entering strict repository configuration mode
24-11-10.16:31:25.772 [main            ] INFO  RepositoryConfigurationDelegate - Bootstrapping Spring Data Redis repositories in DEFAULT mode.
24-11-10.16:31:25.877 [main            ] INFO  RepositoryConfigurationDelegate - Finished Spring Data repository scanning in 94 ms. Found 0 Redis repository interfaces.
24-11-10.16:31:27.194 [main            ] INFO  Version                - Redisson 3.23.4
24-11-10.16:31:27.623 [redisson-netty-2-4] INFO  MasterPubSubConnectionPool - 1 connections initialized for 192.168.101.134/192.168.101.134:16379
24-11-10.16:31:27.661 [redisson-netty-2-13] INFO  MasterConnectionPool   - 5 connections initialized for 192.168.101.134/192.168.101.134:16379
24-11-10.16:31:29.007 [main            ] INFO  EndpointLinksResolver  - Exposing 1 endpoint(s) beneath base path '/actuator'
24-11-10.16:31:29.050 [main            ] INFO  RaffleOrderTest        - Started RaffleOrderTest in 4.438 seconds (JVM running for 5.596)
24-11-10.16:31:29.284 [main            ] INFO  HikariDataSource       - Retail_HikariCP - Starting...
24-11-10.16:31:29.459 [main            ] INFO  HikariDataSource       - Retail_HikariCP - Start completed.
24-11-10.16:31:29.532 [main            ] INFO  ActivityBaseActionChain - 活动责任链-基础信息【有效期、状态】校验开始。
24-11-10.16:31:29.537 [main            ] INFO  HikariDataSource       - Retail_HikariCP - Starting...
24-11-10.16:31:29.554 [main            ] INFO  HikariDataSource       - Retail_HikariCP - Start completed.
24-11-10.16:31:29.575 [main            ] INFO  RaffleOrderTest        - 测试结果：023306539819
